TN:
SF:src/modules/appointments/services/CreateAppointmentService.ts
FN:15,(anonymous_18)
FN:16,CreateAppointmentService
FN:21,(anonymous_20)
FNF:3
FNH:0
FNDA:0,(anonymous_18)
FNDA:0,CreateAppointmentService
FNDA:0,(anonymous_20)
DA:1,0
DA:2,0
DA:4,0
DA:15,0
DA:18,0
DA:21,0
DA:22,0
DA:24,0
DA:28,0
DA:29,0
DA:32,0
DA:37,0
DA:39,0
DA:41,0
LF:14
LH:0
BRDA:28,0,0,0
BRDA:28,0,1,0
BRF:2
BRH:0
end_of_record
TN:
SF:src/modules/users/services/AuthenticateUserService.ts
FN:22,(anonymous_18)
FN:23,AuthenticateUserService
FN:31,(anonymous_20)
FNF:3
FNH:0
FNDA:0,(anonymous_18)
FNDA:0,AuthenticateUserService
FNDA:0,(anonymous_20)
DA:1,0
DA:2,0
DA:4,0
DA:6,0
DA:22,0
DA:25,0
DA:28,0
DA:31,0
DA:32,0
DA:34,0
DA:35,0
DA:38,0
DA:43,0
DA:44,0
DA:47,0
DA:49,0
DA:54,0
DA:59,0
DA:61,0
LF:19
LH:0
BRDA:32,0,0,0
BRDA:34,1,0,0
BRDA:34,1,1,0
BRDA:43,2,0,0
BRDA:43,2,1,0
BRF:5
BRH:0
end_of_record
TN:
SF:src/modules/users/services/CreateUserService.ts
FN:17,(anonymous_18)
FN:18,CreateUserService
FN:26,(anonymous_20)
FNF:3
FNH:0
FNDA:0,(anonymous_18)
FNDA:0,CreateUserService
FNDA:0,(anonymous_20)
DA:1,0
DA:2,0
DA:4,0
DA:17,0
DA:20,0
DA:23,0
DA:26,0
DA:27,0
DA:29,0
DA:30,0
DA:33,0
DA:35,0
DA:41,0
DA:43,0
DA:45,0
LF:15
LH:0
BRDA:27,0,0,0
BRDA:29,1,0,0
BRDA:29,1,1,0
BRF:3
BRH:0
end_of_record
TN:
SF:src/modules/users/services/ResetPasswordService.ts
FN:17,(anonymous_18)
FN:18,ResetPasswordService
FN:29,(anonymous_20)
FNF:3
FNH:0
FNDA:0,(anonymous_18)
FNDA:0,ResetPasswordService
FNDA:0,(anonymous_20)
DA:1,0
DA:2,0
DA:6,0
DA:17,0
DA:20,0
DA:23,0
DA:26,0
DA:29,0
DA:30,0
DA:32,0
DA:33,0
DA:36,0
DA:38,0
DA:39,0
DA:42,0
DA:44,0
DA:45,0
DA:48,0
DA:50,0
DA:52,0
DA:54,0
LF:21
LH:0
BRDA:30,0,0,0
BRDA:32,1,0,0
BRDA:32,1,1,0
BRDA:38,2,0,0
BRDA:38,2,1,0
BRDA:44,3,0,0
BRDA:44,3,1,0
BRF:7
BRH:0
end_of_record
TN:
SF:src/modules/users/services/SendForgotPasswordEmail.ts
FN:16,(anonymous_18)
FN:17,SendForgotPasswordEmailService
FN:28,(anonymous_20)
FNF:3
FNH:0
FNDA:0,(anonymous_18)
FNDA:0,SendForgotPasswordEmailService
FNDA:0,(anonymous_20)
DA:1,0
DA:7,0
DA:16,0
DA:19,0
DA:22,0
DA:25,0
DA:28,0
DA:29,0
DA:31,0
DA:32,0
DA:35,0
DA:37,0
DA:42,0
DA:44,0
LF:14
LH:0
BRDA:29,0,0,0
BRDA:31,1,0,0
BRDA:31,1,1,0
BRF:3
BRH:0
end_of_record
TN:
SF:src/modules/users/services/UpdateUserAvatarService.ts
FN:15,(anonymous_18)
FN:16,UpdateuserAvatarService
FN:24,(anonymous_20)
FNF:3
FNH:0
FNDA:0,(anonymous_18)
FNDA:0,UpdateuserAvatarService
FNDA:0,(anonymous_20)
DA:1,0
DA:4,0
DA:15,0
DA:18,0
DA:21,0
DA:24,0
DA:25,0
DA:27,0
DA:28,0
DA:30,0
DA:31,0
DA:34,0
DA:36,0
DA:38,0
DA:40,0
DA:42,0
DA:44,0
LF:17
LH:0
BRDA:25,0,0,0
BRDA:25,0,1,0
BRDA:27,1,0,0
BRDA:27,1,1,0
BRDA:30,2,0,0
BRDA:30,2,1,0
BRF:6
BRH:0
end_of_record
